<?xml version="1.0" encoding="UTF-8"?>
<!-- Generated by org.testng.reporters.JUnitReportReporter -->
<testsuite hostname="SYNMP06XDAZ" name="testPages.testNGScripts" tests="1" failures="0" timestamp="28 Jun 2017 13:50:13 GMT" time="21.053" errors="0">
  <testcase name="Scenario1" time="21.053" classname="testPages.testNGScripts"/>
</testsuite> <!-- testPages.testNGScripts -->
